#
# There is insufficient memory for the Java Runtime Environment to continue.
# Native memory allocation (malloc) failed to allocate 32744 bytes for ChunkPool::allocate
# Possible reasons:
#   The system is out of physical RAM or swap space
#   The process is running with CompressedOops enabled, and the Java Heap may be blocking the growth of the native heap
# Possible solutions:
#   Reduce memory load on the system
#   Increase physical memory or swap space
#   Check if swap backing store is full
#   Decrease Java heap size (-Xmx/-Xms)
#   Decrease number of Java threads
#   Decrease Java thread stack sizes (-Xss)
#   Set larger code cache with -XX:ReservedCodeCacheSize=
#   JVM is running with Unscaled Compressed Oops mode in which the Java heap is
#     placed in the first 4GB address space. The Java Heap base address is the
#     maximum limit for the native heap growth. Please use -XX:HeapBaseMinAddress
#     to set the Java Heap base and to place the Java Heap above 4GB virtual address.
# This output file may be truncated or incomplete.
#
#  Out of Memory Error (./src/hotspot/share/memory/arena.cpp:81), pid=10272, tid=5968
#
# JRE version: OpenJDK Runtime Environment AdoptOpenJDK (11.0.9.1+1) (build 11.0.9.1+1)
# Java VM: OpenJDK 64-Bit Server VM AdoptOpenJDK (11.0.9.1+1, mixed mode, tiered, compressed oops, parallel gc, windows-amd64)
# No core dump will be written. Minidumps are not enabled by default on client versions of Windows
#

---------------  S U M M A R Y ------------

Command Line: --add-modules=ALL-SYSTEM --add-opens=java.base/java.util=ALL-UNNAMED --add-opens=java.base/java.lang=ALL-UNNAMED -Declipse.application=org.eclipse.jdt.ls.core.id1 -Dosgi.bundles.defaultStartLevel=4 -Declipse.product=org.eclipse.jdt.ls.core.product -Dfile.encoding=utf8 -DwatchParentProcess=false -XX:+UseParallelGC -XX:GCTimeRatio=4 -XX:AdaptiveSizePolicyWeight=90 -Dsun.zip.disableMemoryMapping=true -Xmx1G -Xms100m -javaagent:c:\Users\uiara\.vscode\extensions\gabrielbb.vscode-lombok-1.0.1\server\lombok.jar -Xverify:none c:\Users\uiara\.vscode\extensions\redhat.java-0.75.0\server\plugins\org.eclipse.equinox.launcher_1.6.0.v20200915-1508.jar -configuration c:\Users\uiara\AppData\Roaming\Code\User\globalStorage\redhat.java\0.75.0\config_ss_win -data c:\Users\uiara\AppData\Roaming\Code\User\workspaceStorage\5ed4dba85f777a6d82f9c92be6762c73\redhat.java\ss_ws

Host: Intel(R) Core(TM) i5-3330S CPU @ 2.70GHz, 4 cores, 5G,  Windows 10 , 64 bit Build 19041 (10.0.19041.804)
Time: Thu Mar  4 16:19:07 2021 Hora oficial do Brasil elapsed time: 1.028257 seconds (0d 0h 0m 1s)

---------------  T H R E A D  ---------------

Current thread (0x0000014564c37800):  JavaThread "C1 CompilerThread0" daemon [_thread_in_vm, id=5968, stack(0x0000000bf3e00000,0x0000000bf3f00000)]


Current CompileTask:
C1:   1028  286       3       java.util.zip.ZipFile::getZipEntry (301 bytes)

Stack: [0x0000000bf3e00000,0x0000000bf3f00000]
Native frames: (J=compiled Java code, j=interpreted, Vv=VM code, C=native code)
V  [jvm.dll+0x5f465a]
V  [jvm.dll+0x77c78e]
V  [jvm.dll+0x77de5f]
V  [jvm.dll+0x77e523]
V  [jvm.dll+0x2477c8]
V  [jvm.dll+0xbe68b]
V  [jvm.dll+0xbe9ec]
V  [jvm.dll+0x5e4b44]
V  [jvm.dll+0x5e4755]
V  [jvm.dll+0x5ca7f9]
V  [jvm.dll+0x5cd629]
V  [jvm.dll+0x1a2194]
V  [jvm.dll+0x12551d]
V  [jvm.dll+0x1246e7]
V  [jvm.dll+0x1265f7]
V  [jvm.dll+0x20f7f7]
V  [jvm.dll+0x20d9db]
V  [jvm.dll+0x741029]
V  [jvm.dll+0x73a0d4]
V  [jvm.dll+0x5f3586]
C  [ucrtbase.dll+0x21bb2]
C  [KERNEL32.DLL+0x17034]
C  [ntdll.dll+0x4d241]


---------------  P R O C E S S  ---------------

Threads class SMR info:
_java_thread_list=0x0000014565eeb000, length=10, elements={
0x000001454ab8e000, 0x000001454ac62800, 0x0000014564c2b800, 0x0000014565dc3800,
0x000001454ac6b000, 0x000001454ac6d800, 0x0000014564c37800, 0x0000014564c7c800,
0x0000014565ecc000, 0x0000014566077800
}

Java Threads: ( => current thread )
  0x000001454ab8e000 JavaThread "main" [_thread_blocked, id=3640, stack(0x0000000bf3600000,0x0000000bf3700000)]
  0x000001454ac62800 JavaThread "Reference Handler" daemon [_thread_blocked, id=10908, stack(0x0000000bf3900000,0x0000000bf3a00000)]
  0x0000014564c2b800 JavaThread "Finalizer" daemon [_thread_blocked, id=9836, stack(0x0000000bf3a00000,0x0000000bf3b00000)]
  0x0000014565dc3800 JavaThread "Signal Dispatcher" daemon [_thread_blocked, id=4236, stack(0x0000000bf3b00000,0x0000000bf3c00000)]
  0x000001454ac6b000 JavaThread "Attach Listener" daemon [_thread_blocked, id=8952, stack(0x0000000bf3c00000,0x0000000bf3d00000)]
  0x000001454ac6d800 JavaThread "C2 CompilerThread0" daemon [_thread_in_vm, id=588, stack(0x0000000bf3d00000,0x0000000bf3e00000)]
=>0x0000014564c37800 JavaThread "C1 CompilerThread0" daemon [_thread_in_vm, id=5968, stack(0x0000000bf3e00000,0x0000000bf3f00000)]
  0x0000014564c7c800 JavaThread "Sweeper thread" daemon [_thread_blocked, id=10048, stack(0x0000000bf3f00000,0x0000000bf4000000)]
  0x0000014565ecc000 JavaThread "Common-Cleaner" daemon [_thread_blocked, id=10716, stack(0x0000000bf4000000,0x0000000bf4100000)]
  0x0000014566077800 JavaThread "C2 CompilerThread1" daemon [_thread_in_vm, id=9888, stack(0x0000000bf4100000,0x0000000bf4200000)]

Other Threads:
  0x000001454ac5d800 VMThread "VM Thread" [stack: 0x0000000bf3800000,0x0000000bf3900000] [id=7700]
  0x000001454aba6000 GCTaskThread "ParGC Thread#0" [stack: 0x0000000bf3700000,0x0000000bf3800000] [id=1680]

Threads with active compile tasks:
C2 CompilerThread0   1570  168       4       java.util.HashMap::putVal (300 bytes)
C1 CompilerThread0   1570  286       3       java.util.zip.ZipFile::getZipEntry (301 bytes)
C2 CompilerThread1   1570  169       4       java.util.HashMap::newNode (13 bytes)

VM state:synchronizing (normal execution)

VM Mutex/Monitor currently owned by a thread:  ([mutex/lock_event])
[0x0000014548b7a970] CodeCache_lock - owner thread: 0x0000014564c37800
[0x000001454ab8b8a0] Threads_lock - owner thread: 0x000001454ac5d800
[0x000001454ab8afa0] Compile_lock - owner thread: 0x0000014564c37800
[0x000001454ab8ae80] MethodCompileQueue_lock - owner thread: 0x0000014564c37800

Heap address: 0x00000000c0000000, size: 1024 MB, Compressed Oops mode: 32-bit
Narrow klass base: 0x0000000000000000, Narrow klass shift: 3
Compressed class space size: 1073741824 Address: 0x0000000100000000

Heap:
 PSYoungGen      total 29696K, used 3584K [0x00000000eab00000, 0x00000000ecc00000, 0x0000000100000000)
  eden space 25600K, 14% used [0x00000000eab00000,0x00000000eae80378,0x00000000ec400000)
  from space 4096K, 0% used [0x00000000ec800000,0x00000000ec800000,0x00000000ecc00000)
  to   space 4096K, 0% used [0x00000000ec400000,0x00000000ec400000,0x00000000ec800000)
 ParOldGen       total 68608K, used 0K [0x00000000c0000000, 0x00000000c4300000, 0x00000000eab00000)
  object space 68608K, 0% used [0x00000000c0000000,0x00000000c0000000,0x00000000c4300000)
 Metaspace       used 6196K, capacity 6336K, committed 6528K, reserved 1056768K
  class space    used 539K, capacity 578K, committed 640K, reserved 1048576K

Card table byte_map: [0x000001454a560000,0x000001454a770000] _byte_map_base: 0x0000014549f60000

Marking Bits: (ParMarkBitMap*) 0x00007fffb90d7000
 Begin Bits: [0x0000014562280000, 0x0000014563280000)
 End Bits:   [0x0000014563280000, 0x0000014564280000)

Polling page: 0x0000014548ba0000

Metaspace:

Usage:
  Non-class:      5.62 MB capacity,     5.52 MB ( 98%) used,    97.06 KB (  2%) free+waste,     4.38 KB ( <1%) overhead. 
      Class:    578.00 KB capacity,   539.95 KB ( 93%) used,    35.93 KB (  6%) free+waste,     2.13 KB ( <1%) overhead. 
       Both:      6.19 MB capacity,     6.05 MB ( 98%) used,   132.99 KB (  2%) free+waste,     6.50 KB ( <1%) overhead. 

Virtual space:
  Non-class space:        8.00 MB reserved,       5.75 MB ( 72%) committed 
      Class space:        1.00 GB reserved,     640.00 KB ( <1%) committed 
             Both:        1.01 GB reserved,       6.38 MB ( <1%) committed 

Chunk freelists:
   Non-Class:  2.00 KB
       Class:  30.00 KB
        Both:  32.00 KB

MaxMetaspaceSize: 17179869184.00 GB
CompressedClassSpaceSize: 1.00 GB

CodeHeap 'non-profiled nmethods': size=120064Kb used=64Kb max_used=64Kb free=119999Kb
 bounds [0x000001455ad40000, 0x000001455afb0000, 0x0000014562280000]
CodeHeap 'profiled nmethods': size=120000Kb used=360Kb max_used=360Kb free=119639Kb
 bounds [0x0000014553810000, 0x0000014553a80000, 0x000001455ad40000]
CodeHeap 'non-nmethods': size=5696Kb used=1050Kb max_used=1055Kb free=4645Kb
 bounds [0x0000014553280000, 0x00000145534f0000, 0x0000014553810000]
 total_blobs=617 nmethods=280 adapters=249
 compilation: enabled
              stopped_count=0, restarted_count=0
 full_count=0

Compilation events (20 events):
Event: 1.022 Thread 0x0000014564c37800 nmethod 276 0x0000014553863f10 code [0x00000145538640c0, 0x00000145538642d8]
Event: 1.022 Thread 0x0000014564c37800  277       3       java.lang.String::startsWith (138 bytes)
Event: 1.022 Thread 0x0000014564c37800 nmethod 277 0x0000014553864410 code [0x0000014553864640, 0x0000014553864ff8]
Event: 1.023 Thread 0x0000014564c37800  279       3       java.util.zip.ZipFile$ZipEntryIterator::hasNext (17 bytes)
Event: 1.023 Thread 0x0000014564c37800 nmethod 279 0x0000014553865310 code [0x00000145538654c0, 0x0000014553865618]
Event: 1.023 Thread 0x0000014564c37800  278       3       java.util.Objects::requireNonNull (15 bytes)
Event: 1.023 Thread 0x0000014564c37800 nmethod 278 0x0000014553865690 code [0x0000014553865860, 0x0000014553865a28]
Event: 1.023 Thread 0x0000014564c37800  280       1       java.util.jar.JarFile$JarFileEntry::getName (5 bytes)
Event: 1.023 Thread 0x0000014564c37800 nmethod 280 0x000001455ad4ff10 code [0x000001455ad500c0, 0x000001455ad50178]
Event: 1.023 Thread 0x0000014564c37800  281       3       java.lang.String::endsWith (15 bytes)
Event: 1.023 Thread 0x0000014564c37800 nmethod 281 0x0000014553865b10 code [0x0000014553865d00, 0x0000014553866028]
Event: 1.023 Thread 0x0000014564c37800  282       3       java.util.zip.ZipFile::ensureOpen (38 bytes)
Event: 1.023 Thread 0x0000014564c37800 nmethod 282 0x0000014553866210 code [0x0000014553866400, 0x0000014553866678]
Event: 1.023 Thread 0x0000014564c37800  283       3       java.util.zip.ZipUtils::CENLEN (9 bytes)
Event: 1.023 Thread 0x0000014564c37800 nmethod 283 0x0000014553866790 code [0x0000014553866960, 0x0000014553866c38]
Event: 1.024 Thread 0x0000014564c37800  284       3       java.util.zip.ZipUtils::CENSIZ (9 bytes)
Event: 1.024 Thread 0x0000014564c37800 nmethod 284 0x0000014553866e10 code [0x0000014553866fe0, 0x00000145538672b8]
Event: 1.024 Thread 0x0000014564c37800  285       3       java.util.zip.ZipFile$Source::getEntryPos (9 bytes)
Event: 1.024 Thread 0x0000014564c37800 nmethod 285 0x0000014553867490 code [0x0000014553867640, 0x0000014553867778]
Event: 1.024 Thread 0x0000014564c37800  286       3       java.util.zip.ZipFile::getZipEntry (301 bytes)

GC Heap History (0 events):
No events

Deoptimization events (4 events):
Event: 0.967 Thread 0x000001454ab8e000 Uncommon trap: trap_request=0xffffff4d fr.pc=0x000001455ad443f8 relative=0x0000000000000058
Event: 0.967 Thread 0x000001454ab8e000 Uncommon trap: reason=unstable_if action=reinterpret pc=0x000001455ad443f8 method=java.lang.String.isLatin1()Z @ 10 c2
Event: 0.967 Thread 0x000001454ab8e000 DEOPT PACKING pc=0x000001455ad443f8 sp=0x0000000bf36f9590
Event: 0.967 Thread 0x000001454ab8e000 DEOPT UNPACKING pc=0x00000145532a6c2f sp=0x0000000bf36f9520 mode 2

Classes redefined (0 events):
No events

Internal exceptions (0 events):
No events

Events (20 events):
Event: 1.015 loading class jdk/internal/jimage/decompressor/Decompressor
Event: 1.015 loading class jdk/internal/jimage/decompressor/Decompressor done
Event: 1.015 loading class jdk/internal/jimage/ImageLocation
Event: 1.015 loading class jdk/internal/jimage/ImageLocation done
Event: 1.018 loading class java/net/URLDecoder
Event: 1.018 loading class java/net/URLDecoder done
Event: 1.018 loading class java/net/URLEncoder
Event: 1.018 loading class java/net/URLEncoder done
Event: 1.018 loading class java/util/BitSet
Event: 1.018 loading class java/util/BitSet done
Event: 1.020 loading class java/util/WeakHashMap$EntrySet
Event: 1.020 loading class java/util/WeakHashMap$EntrySet done
Event: 1.020 loading class java/util/WeakHashMap$EntryIterator
Event: 1.020 loading class java/util/WeakHashMap$HashIterator
Event: 1.020 loading class java/util/WeakHashMap$HashIterator done
Event: 1.020 loading class java/util/WeakHashMap$EntryIterator done
Event: 1.020 loading class java/lang/invoke/DirectMethodHandle$Special
Event: 1.020 loading class java/lang/invoke/DirectMethodHandle$Special done
Event: 1.021 loading class java/util/zip/ZipFile$ZipEntryIterator
Event: 1.021 loading class java/util/zip/ZipFile$ZipEntryIterator done


Dynamic libraries:
0x00007ff641f30000 - 0x00007ff641f3d000 	C:\Program Files\AdoptOpenJDK\jdk-11.0.9.101-hotspot\bin\java.exe
0x00007fffe23b0000 - 0x00007fffe25a6000 	C:\WINDOWS\SYSTEM32\ntdll.dll
0x00007fffe17b0000 - 0x00007fffe186d000 	C:\WINDOWS\System32\KERNEL32.DLL
0x00007fffe0030000 - 0x00007fffe02f9000 	C:\WINDOWS\System32\KERNELBASE.dll
0x00007fffdfc10000 - 0x00007fffdfd10000 	C:\WINDOWS\System32\ucrtbase.dll
0x00007fffd0ae0000 - 0x00007fffd0af7000 	C:\Program Files\AdoptOpenJDK\jdk-11.0.9.101-hotspot\bin\jli.dll
0x00007fffd0b00000 - 0x00007fffd0b15000 	C:\Program Files\AdoptOpenJDK\jdk-11.0.9.101-hotspot\bin\VCRUNTIME140.dll
0x00007fffe21d0000 - 0x00007fffe2370000 	C:\WINDOWS\System32\USER32.dll
0x00007fffdfd70000 - 0x00007fffdfd92000 	C:\WINDOWS\System32\win32u.dll
0x00007fffcf120000 - 0x00007fffcf3bb000 	C:\WINDOWS\WinSxS\amd64_microsoft.windows.common-controls_6595b64144ccf1df_6.0.19041.746_none_ca02b4b61b8320a4\COMCTL32.dll
0x00007fffe0980000 - 0x00007fffe09aa000 	C:\WINDOWS\System32\GDI32.dll
0x00007fffe0410000 - 0x00007fffe04ae000 	C:\WINDOWS\System32\msvcrt.dll
0x00007fffe0300000 - 0x00007fffe040b000 	C:\WINDOWS\System32\gdi32full.dll
0x00007fffdfaf0000 - 0x00007fffdfb8d000 	C:\WINDOWS\System32\msvcp_win.dll
0x00007fffe21a0000 - 0x00007fffe21d0000 	C:\WINDOWS\System32\IMM32.DLL
0x00007fffce3f0000 - 0x00007fffce48b000 	C:\Program Files\AdoptOpenJDK\jdk-11.0.9.101-hotspot\bin\msvcp140.dll
0x00007fffb8650000 - 0x00007fffb9193000 	C:\Program Files\AdoptOpenJDK\jdk-11.0.9.101-hotspot\bin\server\jvm.dll
0x00007fffe20f0000 - 0x00007fffe219c000 	C:\WINDOWS\System32\ADVAPI32.dll
0x00007fffe1310000 - 0x00007fffe13ac000 	C:\WINDOWS\System32\sechost.dll
0x00007fffe0dd0000 - 0x00007fffe0efb000 	C:\WINDOWS\System32\RPCRT4.dll
0x00007fffe1670000 - 0x00007fffe1678000 	C:\WINDOWS\System32\PSAPI.DLL
0x00007fffcfb00000 - 0x00007fffcfb09000 	C:\WINDOWS\SYSTEM32\WSOCK32.dll
0x00007fffd8000000 - 0x00007fffd8027000 	C:\WINDOWS\SYSTEM32\WINMM.dll
0x00007fffe13e0000 - 0x00007fffe144b000 	C:\WINDOWS\System32\WS2_32.dll
0x00007fffd0530000 - 0x00007fffd053a000 	C:\WINDOWS\SYSTEM32\VERSION.dll
0x00007fffdda60000 - 0x00007fffdda72000 	C:\WINDOWS\SYSTEM32\kernel.appcore.dll
0x00007fffd3f60000 - 0x00007fffd3f70000 	C:\Program Files\AdoptOpenJDK\jdk-11.0.9.101-hotspot\bin\verify.dll
0x00007fffcd4d0000 - 0x00007fffcd6b4000 	C:\WINDOWS\SYSTEM32\DBGHELP.DLL
0x00007fffcd830000 - 0x00007fffcd85c000 	C:\WINDOWS\SYSTEM32\dbgcore.DLL
0x00007fffdfb90000 - 0x00007fffdfc10000 	C:\WINDOWS\System32\bcryptPrimitives.dll
0x00007fffd0ab0000 - 0x00007fffd0ad8000 	C:\Program Files\AdoptOpenJDK\jdk-11.0.9.101-hotspot\bin\java.dll
0x00007fffd0b50000 - 0x00007fffd0b5a000 	C:\Program Files\AdoptOpenJDK\jdk-11.0.9.101-hotspot\bin\jimage.dll
0x00007fffd0aa0000 - 0x00007fffd0aae000 	C:\Program Files\AdoptOpenJDK\jdk-11.0.9.101-hotspot\bin\instrument.dll
0x00007fffd0830000 - 0x00007fffd0847000 	C:\Program Files\AdoptOpenJDK\jdk-11.0.9.101-hotspot\bin\zip.dll
0x00007fffe1920000 - 0x00007fffe2062000 	C:\WINDOWS\System32\SHELL32.dll
0x00007fffddc60000 - 0x00007fffde3f0000 	C:\WINDOWS\SYSTEM32\windows.storage.dll
0x00007fffe0fb0000 - 0x00007fffe1306000 	C:\WINDOWS\System32\combase.dll
0x00007fffdf480000 - 0x00007fffdf4ac000 	C:\WINDOWS\SYSTEM32\Wldp.dll
0x00007fffe1870000 - 0x00007fffe191e000 	C:\WINDOWS\System32\SHCORE.dll
0x00007fffe0a10000 - 0x00007fffe0a65000 	C:\WINDOWS\System32\shlwapi.dll
0x00007fffdfa20000 - 0x00007fffdfa46000 	C:\WINDOWS\SYSTEM32\profapi.dll
0x00007fffd0750000 - 0x00007fffd0769000 	C:\Program Files\AdoptOpenJDK\jdk-11.0.9.101-hotspot\bin\net.dll
0x00007fffda770000 - 0x00007fffda870000 	C:\WINDOWS\SYSTEM32\WINHTTP.dll
0x00007fffdf200000 - 0x00007fffdf26a000 	C:\WINDOWS\system32\mswsock.dll
0x00007fffd0730000 - 0x00007fffd0742000 	C:\Program Files\AdoptOpenJDK\jdk-11.0.9.101-hotspot\bin\nio.dll

dbghelp: loaded successfully - version: 4.0.5 - missing functions: none
symbol engine: initialized successfully - sym options: 0x614 - pdb path: .;C:\Program Files\AdoptOpenJDK\jdk-11.0.9.101-hotspot\bin;C:\WINDOWS\SYSTEM32;C:\WINDOWS\WinSxS\amd64_microsoft.windows.common-controls_6595b64144ccf1df_6.0.19041.746_none_ca02b4b61b8320a4;C:\Program Files\AdoptOpenJDK\jdk-11.0.9.101-hotspot\bin\server

VM Arguments:
jvm_args: --add-modules=ALL-SYSTEM --add-opens=java.base/java.util=ALL-UNNAMED --add-opens=java.base/java.lang=ALL-UNNAMED -Declipse.application=org.eclipse.jdt.ls.core.id1 -Dosgi.bundles.defaultStartLevel=4 -Declipse.product=org.eclipse.jdt.ls.core.product -Dfile.encoding=utf8 -DwatchParentProcess=false -XX:+UseParallelGC -XX:GCTimeRatio=4 -XX:AdaptiveSizePolicyWeight=90 -Dsun.zip.disableMemoryMapping=true -Xmx1G -Xms100m -javaagent:c:\Users\uiara\.vscode\extensions\gabrielbb.vscode-lombok-1.0.1\server\lombok.jar -Xverify:none 
java_command: c:\Users\uiara\.vscode\extensions\redhat.java-0.75.0\server\plugins\org.eclipse.equinox.launcher_1.6.0.v20200915-1508.jar -configuration c:\Users\uiara\AppData\Roaming\Code\User\globalStorage\redhat.java\0.75.0\config_ss_win -data c:\Users\uiara\AppData\Roaming\Code\User\workspaceStorage\5ed4dba85f777a6d82f9c92be6762c73\redhat.java\ss_ws
java_class_path (initial): c:\Users\uiara\.vscode\extensions\redhat.java-0.75.0\server\plugins\org.eclipse.equinox.launcher_1.6.0.v20200915-1508.jar
Launcher Type: SUN_STANDARD

[Global flags]
    uintx AdaptiveSizePolicyWeight                 = 90                                        {product} {command line}
     bool BytecodeVerificationLocal                = false                                     {product} {command line}
     bool BytecodeVerificationRemote               = false                                     {product} {command line}
     intx CICompilerCount                          = 3                                         {product} {ergonomic}
    uintx GCTimeRatio                              = 4                                         {product} {command line}
   size_t InitialHeapSize                          = 104857600                                 {product} {command line}
   size_t MaxHeapSize                              = 1073741824                                {product} {command line}
   size_t MaxNewSize                               = 357564416                                 {product} {ergonomic}
   size_t MinHeapDeltaBytes                        = 524288                                    {product} {ergonomic}
   size_t NewSize                                  = 34603008                                  {product} {ergonomic}
    uintx NonNMethodCodeHeapSize                   = 5830732                                {pd product} {ergonomic}
    uintx NonProfiledCodeHeapSize                  = 122913754                              {pd product} {ergonomic}
   size_t OldSize                                  = 70254592                                  {product} {ergonomic}
    uintx ProfiledCodeHeapSize                     = 122913754                              {pd product} {ergonomic}
    uintx ReservedCodeCacheSize                    = 251658240                              {pd product} {ergonomic}
     bool SegmentedCodeCache                       = true                                      {product} {ergonomic}
     bool UseCompressedClassPointers               = true                                 {lp64_product} {ergonomic}
     bool UseCompressedOops                        = true                                 {lp64_product} {ergonomic}
     bool UseLargePagesIndividualAllocation        = false                                  {pd product} {ergonomic}
     bool UseParallelGC                            = true                                      {product} {command line}

Logging:
Log output configuration:
 #0: stdout all=warning uptime,level,tags
 #1: stderr all=off uptime,level,tags

Environment Variables:
JAVA_HOME=C:\Program Files\Java\jdk1.8.0_181
PATH=C:\Program Files\AdoptOpenJDK\jdk-11.0.9.101-hotspot\bin;C:\Program Files (x86)\Common Files\Oracle\Java\javapath;C:\ProgramData\Oracle\Java\javapath;C:\WINDOWS\system32;C:\WINDOWS;C:\WINDOWS\System32\Wbem;C:\WINDOWS\System32\WindowsPowerShell\v1.0\;C:\WINDOWS\System32\OpenSSH\;C:\xampp\php;C:\ProgramData\chocolatey\bin;C:\Program Files (x86)\Yarn\bin\;C:\Program Files\nodejs\;C:\Program Files\TortoiseGit\bin;C:\Program Files\Git\cmd;C:\Program Files\redis\64bit;C:\Users\uiara\AppData\Local\Microsoft\WindowsApps;"C:\Users\uiara\AppData\Roaming\Composer\vendor\bin;C:\xampp\php";C:\Users\uiara\AppData\Local\Programs\Microsoft VS Code\bin;C:\Users\uiara\AppData\Local\Yarn\bin;C:\Users\uiara\AppData\Roaming\npm;C:\Program Files\MongoDB\Server\4.2\bin;C:\Program Files\heroku\bin;
USERNAME=uiara
OS=Windows_NT
PROCESSOR_IDENTIFIER=Intel64 Family 6 Model 58 Stepping 9, GenuineIntel



---------------  S Y S T E M  ---------------

OS: Windows 10 , 64 bit Build 19041 (10.0.19041.804)
OS uptime: 0 days 2:11 hours

CPU:total 4 (initial active 4) (4 cores per cpu, 1 threads per core) family 6 model 58 stepping 9, cmov, cx8, fxsr, mmx, sse, sse2, sse3, ssse3, sse4.1, sse4.2, popcnt, avx, aes, clmul, erms, tsc, tscinvbit, tscinv

Memory: 4k page, system-wide physical 5828M (808M free)
TotalPageFile size 5828M (AvailPageFile size 4M)
current process WorkingSet (physical memory assigned to process): 31M, peak: 31M
current process commit charge ("private bytes"): 174M, peak: 174M

vm_info: OpenJDK 64-Bit Server VM (11.0.9.1+1) for windows-amd64 JRE (11.0.9.1+1), built on Nov 10 2020 15:18:49 by "" with MS VC++ 15.9 (VS2017)

END.
